<?xml version="1.0" encoding="UTF-8"?>
<testsuite name="com.example.HomeControllerTest" tests="2" skipped="0" failures="0" errors="0" timestamp="2024-09-14T06:58:26" hostname="UUOOOOGH" time="0.426">
  <properties/>
  <testcase name="testShowForm()" classname="com.example.HomeControllerTest" time="0.411"/>
  <testcase name="testUploadCSV()" classname="com.example.HomeControllerTest" time="0.014"/>
  <system-out><![CDATA[13:58:25.826 [Test worker] DEBUG org.springframework.boot.test.autoconfigure.web.servlet.WebMvcTestContextBootstrapper - Neither @ContextConfiguration nor @ContextHierarchy found for test class [HomeControllerTest]: using SpringBootContextLoader
13:58:25.830 [Test worker] DEBUG org.springframework.test.context.support.AbstractContextLoader - Could not detect default resource locations for test class [com.example.HomeControllerTest]: no resource found for suffixes {-context.xml, Context.groovy}.
13:58:25.831 [Test worker] INFO org.springframework.test.context.support.AnnotationConfigContextLoaderUtils - Could not detect default configuration classes for test class [com.example.HomeControllerTest]: HomeControllerTest does not declare any static, non-private, non-final, nested classes annotated with @Configuration.
13:58:25.864 [Test worker] DEBUG org.springframework.boot.test.autoconfigure.web.servlet.WebMvcTestContextBootstrapper - Using ContextCustomizers for test class [HomeControllerTest]: [DisableAutoConfigurationContextCustomizer, DisableObservabilityContextCustomizer, TypeExcludeFiltersContextCustomizer, PropertyMappingContextCustomizer, Customizer, ImportsContextCustomizer, ExcludeFilterContextCustomizer, DuplicateJsonObjectContextCustomizer, MockitoContextCustomizer]
13:58:25.909 [Test worker] DEBUG org.springframework.context.annotation.ClassPathScanningCandidateComponentProvider - Identified candidate component class: file [C:\Users\haimi\Desktop\java\EmployeePaySlip\build\classes\java\main\com\example\EmployeePaySlip.class]
13:58:25.916 [Test worker] INFO org.springframework.boot.test.context.SpringBootTestContextBootstrapper - Found @SpringBootConfiguration com.example.EmployeePaySlip for test class com.example.HomeControllerTest
13:58:25.922 [Test worker] DEBUG org.springframework.test.context.util.TestContextSpringFactoriesUtils - Skipping candidate TestExecutionListener [org.springframework.test.context.transaction.TransactionalTestExecutionListener] due to a missing dependency. Specify custom TestExecutionListener classes or make the default TestExecutionListener classes and their required dependencies available. Offending class: [org/springframework/transaction/interceptor/TransactionAttributeSource]
13:58:25.924 [Test worker] DEBUG org.springframework.test.context.util.TestContextSpringFactoriesUtils - Skipping candidate TestExecutionListener [org.springframework.test.context.jdbc.SqlScriptsTestExecutionListener] due to a missing dependency. Specify custom TestExecutionListener classes or make the default TestExecutionListener classes and their required dependencies available. Offending class: [org/springframework/transaction/interceptor/TransactionAttribute]
13:58:25.928 [Test worker] DEBUG org.springframework.boot.test.autoconfigure.web.servlet.WebMvcTestContextBootstrapper - Using TestExecutionListeners for test class [HomeControllerTest]: [ServletTestExecutionListener, DirtiesContextBeforeModesTestExecutionListener, ApplicationEventsTestExecutionListener, MockitoTestExecutionListener, DependencyInjectionTestExecutionListener, DirtiesContextTestExecutionListener, EventPublishingTestExecutionListener, RestDocsTestExecutionListener, MockRestServiceServerResetTestExecutionListener, MockMvcPrintOnlyOnFailureTestExecutionListener, WebDriverTestExecutionListener, MockWebServiceServerTestExecutionListener, ResetMocksTestExecutionListener]
13:58:25.929 [Test worker] DEBUG org.springframework.test.context.support.AbstractDirtiesContextTestExecutionListener - Before test class: class [HomeControllerTest], class annotated with @DirtiesContext [false] with mode [null]
13:58:25.933 [Test worker] DEBUG org.springframework.test.context.support.DependencyInjectionTestExecutionListener - Performing dependency injection for test class com.example.HomeControllerTest

  .   ____          _            __ _ _
 /\\ / ___'_ __ _ _(_)_ __  __ _ \ \ \ \
( ( )\___ | '_ | '_| | '_ \/ _` | \ \ \ \
 \\/  ___)| |_)| | | | | || (_| |  ) ) ) )
  '  |____| .__|_| |_|_| |_\__, | / / / /
 =========|_|==============|___/=/_/_/_/
 :: Spring Boot ::                (v3.0.0)

2024-09-14T13:58:26.232+07:00  INFO 8812 --- [    Test worker] com.example.HomeControllerTest           : Starting HomeControllerTest using Java 17.0.12 with PID 8812 (started by MSI in C:\Users\haimi\Desktop\java\EmployeePaySlip)
2024-09-14T13:58:26.233+07:00  INFO 8812 --- [    Test worker] com.example.HomeControllerTest           : No active profile set, falling back to 1 default profile: "default"
2024-09-14T13:58:26.874+07:00  INFO 8812 --- [    Test worker] o.s.b.t.m.w.SpringBootMockServletContext : Initializing Spring TestDispatcherServlet ''
2024-09-14T13:58:26.874+07:00  INFO 8812 --- [    Test worker] o.s.t.web.servlet.TestDispatcherServlet  : Initializing Servlet ''
2024-09-14T13:58:26.875+07:00  INFO 8812 --- [    Test worker] o.s.t.web.servlet.TestDispatcherServlet  : Completed initialization in 1 ms
2024-09-14T13:58:26.895+07:00  INFO 8812 --- [    Test worker] com.example.HomeControllerTest           : Started HomeControllerTest in 0.932 seconds (process running for 1.802)
]]></system-out>
  <system-err><![CDATA[]]></system-err>
</testsuite>
