<?xml version="1.0" encoding="UTF-8"?>
<testsuite name="com.example.EmployeePaySlipUtilTest" tests="4" skipped="0" failures="0" errors="0" timestamp="2024-09-14T06:58:25" hostname="UUOOOOGH" time="0.008">
  <properties/>
  <testcase name="testConvertToCSV_EmptyData()" classname="com.example.EmployeePaySlipUtilTest" time="0.002"/>
  <testcase name="testReadCSV()" classname="com.example.EmployeePaySlipUtilTest" time="0.004"/>
  <testcase name="testReadCSV_EmptyFile()" classname="com.example.EmployeePaySlipUtilTest" time="0.001"/>
  <testcase name="testConvertToCSV()" classname="com.example.EmployeePaySlipUtilTest" time="0.001"/>
  <system-out><![CDATA[]]></system-out>
  <system-err><![CDATA[]]></system-err>
</testsuite>
