<?xml version="1.0" encoding="UTF-8"?>
<testsuite name="com.example.EmployeePaySlipTest" tests="2" skipped="0" failures="0" errors="0" timestamp="2024-09-14T06:58:25" hostname="UUOOOOGH" time="0.015">
  <properties/>
  <testcase name="testCalculateIncomeTax()" classname="com.example.EmployeePaySlipTest" time="0.011"/>
  <testcase name="testGeneratePaySlip()" classname="com.example.EmployeePaySlipTest" time="0.003"/>
  <system-out><![CDATA[]]></system-out>
  <system-err><![CDATA[]]></system-err>
</testsuite>
